2013-06-01 12:25:36 Error: [MissingViewException] View file "/Users/simultech/Dropbox/localdev/tyme/app/View/Pages/dostuff.ctp" is missing.
Exception Attributes: array (
  'file' => '/Users/simultech/Dropbox/localdev/tyme/app/View/Pages/dostuff.ctp',
)
Request URL: /pages/dostuff
Stack Trace:
#0 /Users/simultech/Dropbox/localdev/tyme/lib/Cake/View/View.php(468): View->_getViewFileName('dostuff')
#1 /Users/simultech/Dropbox/localdev/tyme/lib/Cake/Controller/Controller.php(948): View->render('dostuff', NULL)
#2 /Users/simultech/Dropbox/localdev/tyme/app/Controller/PagesController.php(79): Controller->render('dostuff')
#3 [internal function]: PagesController->display('dostuff')
#4 /Users/simultech/Dropbox/localdev/tyme/lib/Cake/Controller/Controller.php(486): ReflectionMethod->invokeArgs(Object(PagesController), Array)
#5 /Users/simultech/Dropbox/localdev/tyme/lib/Cake/Routing/Dispatcher.php(187): Controller->invokeAction(Object(CakeRequest))
#6 /Users/simultech/Dropbox/localdev/tyme/lib/Cake/Routing/Dispatcher.php(162): Dispatcher->_invoke(Object(PagesController), Object(CakeRequest), Object(CakeResponse))
#7 /Users/simultech/Dropbox/localdev/tyme/app/webroot/index.php(109): Dispatcher->dispatch(Object(CakeRequest), Object(CakeResponse))
#8 {main}
2013-06-01 12:25:55 Error: [MissingViewException] View file "/Users/simultech/Dropbox/localdev/tyme/app/View/Pages/dostuff.ctp" is missing.
Exception Attributes: array (
  'file' => '/Users/simultech/Dropbox/localdev/tyme/app/View/Pages/dostuff.ctp',
)
Request URL: /pages/dostuff
Stack Trace:
#0 /Users/simultech/Dropbox/localdev/tyme/lib/Cake/View/View.php(468): View->_getViewFileName('dostuff')
#1 /Users/simultech/Dropbox/localdev/tyme/lib/Cake/Controller/Controller.php(948): View->render('dostuff', NULL)
#2 /Users/simultech/Dropbox/localdev/tyme/app/Controller/PagesController.php(79): Controller->render('dostuff')
#3 [internal function]: PagesController->display('dostuff')
#4 /Users/simultech/Dropbox/localdev/tyme/lib/Cake/Controller/Controller.php(486): ReflectionMethod->invokeArgs(Object(PagesController), Array)
#5 /Users/simultech/Dropbox/localdev/tyme/lib/Cake/Routing/Dispatcher.php(187): Controller->invokeAction(Object(CakeRequest))
#6 /Users/simultech/Dropbox/localdev/tyme/lib/Cake/Routing/Dispatcher.php(162): Dispatcher->_invoke(Object(PagesController), Object(CakeRequest), Object(CakeResponse))
#7 /Users/simultech/Dropbox/localdev/tyme/app/webroot/index.php(109): Dispatcher->dispatch(Object(CakeRequest), Object(CakeResponse))
#8 {main}
2013-06-01 12:25:57 Error: [MissingViewException] View file "/Users/simultech/Dropbox/localdev/tyme/app/View/Pages/dostuff.ctp" is missing.
Exception Attributes: array (
  'file' => '/Users/simultech/Dropbox/localdev/tyme/app/View/Pages/dostuff.ctp',
)
Request URL: /pages/dostuff
Stack Trace:
#0 /Users/simultech/Dropbox/localdev/tyme/lib/Cake/View/View.php(468): View->_getViewFileName('dostuff')
#1 /Users/simultech/Dropbox/localdev/tyme/lib/Cake/Controller/Controller.php(948): View->render('dostuff', NULL)
#2 /Users/simultech/Dropbox/localdev/tyme/app/Controller/PagesController.php(79): Controller->render('dostuff')
#3 [internal function]: PagesController->display('dostuff')
#4 /Users/simultech/Dropbox/localdev/tyme/lib/Cake/Controller/Controller.php(486): ReflectionMethod->invokeArgs(Object(PagesController), Array)
#5 /Users/simultech/Dropbox/localdev/tyme/lib/Cake/Routing/Dispatcher.php(187): Controller->invokeAction(Object(CakeRequest))
#6 /Users/simultech/Dropbox/localdev/tyme/lib/Cake/Routing/Dispatcher.php(162): Dispatcher->_invoke(Object(PagesController), Object(CakeRequest), Object(CakeResponse))
#7 /Users/simultech/Dropbox/localdev/tyme/app/webroot/index.php(109): Dispatcher->dispatch(Object(CakeRequest), Object(CakeResponse))
#8 {main}
2013-06-01 12:26:22 Error: [MissingViewException] View file "/Users/simultech/Dropbox/localdev/tyme/app/View/Pages/dostuff.ctp" is missing.
Exception Attributes: array (
  'file' => '/Users/simultech/Dropbox/localdev/tyme/app/View/Pages/dostuff.ctp',
)
Request URL: /pages/dostuff
Stack Trace:
#0 /Users/simultech/Dropbox/localdev/tyme/lib/Cake/View/View.php(468): View->_getViewFileName('dostuff')
#1 /Users/simultech/Dropbox/localdev/tyme/lib/Cake/Controller/Controller.php(948): View->render('dostuff', NULL)
#2 /Users/simultech/Dropbox/localdev/tyme/app/Controller/PagesController.php(79): Controller->render('dostuff')
#3 [internal function]: PagesController->display('dostuff')
#4 /Users/simultech/Dropbox/localdev/tyme/lib/Cake/Controller/Controller.php(486): ReflectionMethod->invokeArgs(Object(PagesController), Array)
#5 /Users/simultech/Dropbox/localdev/tyme/lib/Cake/Routing/Dispatcher.php(187): Controller->invokeAction(Object(CakeRequest))
#6 /Users/simultech/Dropbox/localdev/tyme/lib/Cake/Routing/Dispatcher.php(162): Dispatcher->_invoke(Object(PagesController), Object(CakeRequest), Object(CakeResponse))
#7 /Users/simultech/Dropbox/localdev/tyme/app/webroot/index.php(109): Dispatcher->dispatch(Object(CakeRequest), Object(CakeResponse))
#8 {main}
2013-06-01 12:26:24 Error: [MissingViewException] View file "/Users/simultech/Dropbox/localdev/tyme/app/View/Pages/dostuff.ctp" is missing.
Exception Attributes: array (
  'file' => '/Users/simultech/Dropbox/localdev/tyme/app/View/Pages/dostuff.ctp',
)
Request URL: /pages/dostuff
Stack Trace:
#0 /Users/simultech/Dropbox/localdev/tyme/lib/Cake/View/View.php(468): View->_getViewFileName('dostuff')
#1 /Users/simultech/Dropbox/localdev/tyme/lib/Cake/Controller/Controller.php(948): View->render('dostuff', NULL)
#2 /Users/simultech/Dropbox/localdev/tyme/app/Controller/PagesController.php(79): Controller->render('dostuff')
#3 [internal function]: PagesController->display('dostuff')
#4 /Users/simultech/Dropbox/localdev/tyme/lib/Cake/Controller/Controller.php(486): ReflectionMethod->invokeArgs(Object(PagesController), Array)
#5 /Users/simultech/Dropbox/localdev/tyme/lib/Cake/Routing/Dispatcher.php(187): Controller->invokeAction(Object(CakeRequest))
#6 /Users/simultech/Dropbox/localdev/tyme/lib/Cake/Routing/Dispatcher.php(162): Dispatcher->_invoke(Object(PagesController), Object(CakeRequest), Object(CakeResponse))
#7 /Users/simultech/Dropbox/localdev/tyme/app/webroot/index.php(109): Dispatcher->dispatch(Object(CakeRequest), Object(CakeResponse))
#8 {main}
2013-06-01 14:38:07 Error: [MissingControllerException] Controller class FilesController could not be found.
Exception Attributes: array (
  'class' => 'FilesController',
  'plugin' => NULL,
)
Request URL: /files/myouseum150-images/%20its%20articulated%20neck.jpg
Stack Trace:
#0 /Users/simultech/Dropbox/localdev/tyme/app/webroot/index.php(109): Dispatcher->dispatch(Object(CakeRequest), Object(CakeResponse))
#1 {main}
2013-06-01 14:38:17 Error: [MissingControllerException] Controller class FilesController could not be found.
Exception Attributes: array (
  'class' => 'FilesController',
  'plugin' => NULL,
)
Request URL: /files/myouseum150-images/%20its%20articulated%20neck.jpg
Stack Trace:
#0 /Users/simultech/Dropbox/localdev/tyme/app/webroot/index.php(109): Dispatcher->dispatch(Object(CakeRequest), Object(CakeResponse))
#1 {main}
2013-06-01 14:38:29 Error: [MissingControllerException] Controller class FilesController could not be found.
Exception Attributes: array (
  'class' => 'FilesController',
  'plugin' => NULL,
)
Request URL: /files/myouseum150-images/%20its%20articulated%20neck.jpg
Stack Trace:
#0 /Users/simultech/Dropbox/localdev/tyme/app/webroot/index.php(109): Dispatcher->dispatch(Object(CakeRequest), Object(CakeResponse))
#1 {main}
2013-06-01 14:38:41 Error: [MissingControllerException] Controller class FilesController could not be found.
Exception Attributes: array (
  'class' => 'FilesController',
  'plugin' => NULL,
)
Request URL: /files/myouseum150-images/Ulysses%20Butterfly
Stack Trace:
#0 /Users/simultech/Dropbox/localdev/tyme/app/webroot/index.php(109): Dispatcher->dispatch(Object(CakeRequest), Object(CakeResponse))
#1 {main}
2013-06-01 14:38:42 Error: [MissingControllerException] Controller class FilesController could not be found.
Exception Attributes: array (
  'class' => 'FilesController',
  'plugin' => NULL,
)
Request URL: /files/myouseum150-images/%5C.jpg
Stack Trace:
#0 /Users/simultech/Dropbox/localdev/tyme/app/webroot/index.php(109): Dispatcher->dispatch(Object(CakeRequest), Object(CakeResponse))
#1 {main}
2013-06-01 14:38:45 Error: [MissingControllerException] Controller class FilesController could not be found.
Exception Attributes: array (
  'class' => 'FilesController',
  'plugin' => NULL,
)
Request URL: /files/myouseum150-images/Ulysses%20Butterfly
Stack Trace:
#0 /Users/simultech/Dropbox/localdev/tyme/app/webroot/index.php(109): Dispatcher->dispatch(Object(CakeRequest), Object(CakeResponse))
#1 {main}
2013-06-01 14:39:41 Error: [MissingControllerException] Controller class FilesController could not be found.
Exception Attributes: array (
  'class' => 'FilesController',
  'plugin' => NULL,
)
Request URL: /files/myouseum150-images/Ulysses%20Butterfly
Stack Trace:
#0 /Users/simultech/Dropbox/localdev/tyme/app/webroot/index.php(109): Dispatcher->dispatch(Object(CakeRequest), Object(CakeResponse))
#1 {main}
2013-06-01 14:39:41 Error: [MissingControllerException] Controller class FilesController could not be found.
Exception Attributes: array (
  'class' => 'FilesController',
  'plugin' => NULL,
)
Request URL: /files/myouseum150-images/%5C.jpg
Stack Trace:
#0 /Users/simultech/Dropbox/localdev/tyme/app/webroot/index.php(109): Dispatcher->dispatch(Object(CakeRequest), Object(CakeResponse))
#1 {main}
2013-06-01 14:39:42 Error: [MissingControllerException] Controller class FilesController could not be found.
Exception Attributes: array (
  'class' => 'FilesController',
  'plugin' => NULL,
)
Request URL: /files/myouseum150-images/Ulysses%20Butterfly
Stack Trace:
#0 /Users/simultech/Dropbox/localdev/tyme/app/webroot/index.php(109): Dispatcher->dispatch(Object(CakeRequest), Object(CakeResponse))
#1 {main}
2013-06-01 14:41:10 Error: [MissingControllerException] Controller class FilesController could not be found.
Exception Attributes: array (
  'class' => 'FilesController',
  'plugin' => NULL,
)
Request URL: /files/myouseum150-images/Ulysses%20Butterfly
Stack Trace:
#0 /Users/simultech/Dropbox/localdev/tyme/app/webroot/index.php(109): Dispatcher->dispatch(Object(CakeRequest), Object(CakeResponse))
#1 {main}
2013-06-01 14:41:10 Error: [MissingControllerException] Controller class FilesController could not be found.
Exception Attributes: array (
  'class' => 'FilesController',
  'plugin' => NULL,
)
Request URL: /files/myouseum150-images/%5C.jpg
Stack Trace:
#0 /Users/simultech/Dropbox/localdev/tyme/app/webroot/index.php(109): Dispatcher->dispatch(Object(CakeRequest), Object(CakeResponse))
#1 {main}
2013-06-01 14:41:10 Error: [MissingControllerException] Controller class FilesController could not be found.
Exception Attributes: array (
  'class' => 'FilesController',
  'plugin' => NULL,
)
Request URL: /files/myouseum150-images/Ulysses%20Butterfly
Stack Trace:
#0 /Users/simultech/Dropbox/localdev/tyme/app/webroot/index.php(109): Dispatcher->dispatch(Object(CakeRequest), Object(CakeResponse))
#1 {main}
2013-06-01 14:41:10 Error: [MissingControllerException] Controller class FilesController could not be found.
Exception Attributes: array (
  'class' => 'FilesController',
  'plugin' => NULL,
)
Request URL: /files/myouseum150-images/%5C.jpg
Stack Trace:
#0 /Users/simultech/Dropbox/localdev/tyme/app/webroot/index.php(109): Dispatcher->dispatch(Object(CakeRequest), Object(CakeResponse))
#1 {main}
2013-06-01 14:42:50 Error: [MissingControllerException] Controller class FilesController could not be found.
Exception Attributes: array (
  'class' => 'FilesController',
  'plugin' => NULL,
)
Request URL: /files/myouseum150-images/Ulysses%20Butterfly
Stack Trace:
#0 /Users/simultech/Dropbox/localdev/tyme/app/webroot/index.php(109): Dispatcher->dispatch(Object(CakeRequest), Object(CakeResponse))
#1 {main}
2013-06-01 14:42:50 Error: [MissingControllerException] Controller class FilesController could not be found.
Exception Attributes: array (
  'class' => 'FilesController',
  'plugin' => NULL,
)
Request URL: /files/myouseum150-images/%5C.jpg
Stack Trace:
#0 /Users/simultech/Dropbox/localdev/tyme/app/webroot/index.php(109): Dispatcher->dispatch(Object(CakeRequest), Object(CakeResponse))
#1 {main}
2013-06-01 14:42:50 Error: [MissingControllerException] Controller class FilesController could not be found.
Exception Attributes: array (
  'class' => 'FilesController',
  'plugin' => NULL,
)
Request URL: /files/myouseum150-images/Ulysses%20Butterfly
Stack Trace:
#0 /Users/simultech/Dropbox/localdev/tyme/app/webroot/index.php(109): Dispatcher->dispatch(Object(CakeRequest), Object(CakeResponse))
#1 {main}
2013-06-01 14:42:50 Error: [MissingControllerException] Controller class FilesController could not be found.
Exception Attributes: array (
  'class' => 'FilesController',
  'plugin' => NULL,
)
Request URL: /files/myouseum150-images/%5C.jpg
Stack Trace:
#0 /Users/simultech/Dropbox/localdev/tyme/app/webroot/index.php(109): Dispatcher->dispatch(Object(CakeRequest), Object(CakeResponse))
#1 {main}
2013-06-01 14:43:06 Error: [MissingControllerException] Controller class FilesController could not be found.
Exception Attributes: array (
  'class' => 'FilesController',
  'plugin' => NULL,
)
Request URL: /files/myouseum150-images/Ulysses%20Butterfly
Stack Trace:
#0 /Users/simultech/Dropbox/localdev/tyme/app/webroot/index.php(109): Dispatcher->dispatch(Object(CakeRequest), Object(CakeResponse))
#1 {main}
2013-06-01 14:43:07 Error: [MissingControllerException] Controller class FilesController could not be found.
Exception Attributes: array (
  'class' => 'FilesController',
  'plugin' => NULL,
)
Request URL: /files/myouseum150-images/%5C.jpg
Stack Trace:
#0 /Users/simultech/Dropbox/localdev/tyme/app/webroot/index.php(109): Dispatcher->dispatch(Object(CakeRequest), Object(CakeResponse))
#1 {main}
2013-06-01 14:43:07 Error: [MissingControllerException] Controller class FilesController could not be found.
Exception Attributes: array (
  'class' => 'FilesController',
  'plugin' => NULL,
)
Request URL: /files/myouseum150-images/Ulysses%20Butterfly
Stack Trace:
#0 /Users/simultech/Dropbox/localdev/tyme/app/webroot/index.php(109): Dispatcher->dispatch(Object(CakeRequest), Object(CakeResponse))
#1 {main}
2013-06-01 14:44:46 Error: [MissingControllerException] Controller class FilesController could not be found.
Exception Attributes: array (
  'class' => 'FilesController',
  'plugin' => NULL,
)
Request URL: /files/myouseum150-images/Ulysses%20Butterfly
Stack Trace:
#0 /Users/simultech/Dropbox/localdev/tyme/app/webroot/index.php(109): Dispatcher->dispatch(Object(CakeRequest), Object(CakeResponse))
#1 {main}
2013-06-01 14:45:36 Error: [MissingControllerException] Controller class FilesController could not be found.
Exception Attributes: array (
  'class' => 'FilesController',
  'plugin' => NULL,
)
Request URL: /files/myouseum150-images/Ulysses%20Butterfly
Stack Trace:
#0 /Users/simultech/Dropbox/localdev/tyme/app/webroot/index.php(109): Dispatcher->dispatch(Object(CakeRequest), Object(CakeResponse))
#1 {main}
2013-06-01 14:46:30 Error: [MissingControllerException] Controller class FilesController could not be found.
Exception Attributes: array (
  'class' => 'FilesController',
  'plugin' => NULL,
)
Request URL: /files/myouseum150-images/Ulysses%20Butterfly
Stack Trace:
#0 /Users/simultech/Dropbox/localdev/tyme/app/webroot/index.php(109): Dispatcher->dispatch(Object(CakeRequest), Object(CakeResponse))
#1 {main}
2013-06-01 14:46:52 Error: [MissingControllerException] Controller class FilesController could not be found.
Exception Attributes: array (
  'class' => 'FilesController',
  'plugin' => NULL,
)
Request URL: /files/myouseum150-images/Ulysses%20Butterfly
Stack Trace:
#0 /Users/simultech/Dropbox/localdev/tyme/app/webroot/index.php(109): Dispatcher->dispatch(Object(CakeRequest), Object(CakeResponse))
#1 {main}
2013-06-01 14:47:26 Error: [MissingControllerException] Controller class FilesController could not be found.
Exception Attributes: array (
  'class' => 'FilesController',
  'plugin' => NULL,
)
Request URL: /files/myouseum150-images/Ulysses%20Butterfly
Stack Trace:
#0 /Users/simultech/Dropbox/localdev/tyme/app/webroot/index.php(109): Dispatcher->dispatch(Object(CakeRequest), Object(CakeResponse))
#1 {main}
2013-06-01 14:47:42 Error: [MissingControllerException] Controller class FilesController could not be found.
Exception Attributes: array (
  'class' => 'FilesController',
  'plugin' => NULL,
)
Request URL: /files/myouseum150-images/Ulysses%20Butterfly
Stack Trace:
#0 /Users/simultech/Dropbox/localdev/tyme/app/webroot/index.php(109): Dispatcher->dispatch(Object(CakeRequest), Object(CakeResponse))
#1 {main}
2013-06-01 14:48:02 Error: [MissingControllerException] Controller class FilesController could not be found.
Exception Attributes: array (
  'class' => 'FilesController',
  'plugin' => NULL,
)
Request URL: /files/myouseum150-images/Ulysses%20Butterfly
Stack Trace:
#0 /Users/simultech/Dropbox/localdev/tyme/app/webroot/index.php(109): Dispatcher->dispatch(Object(CakeRequest), Object(CakeResponse))
#1 {main}
2013-06-01 14:48:33 Error: [MissingControllerException] Controller class FilesController could not be found.
Exception Attributes: array (
  'class' => 'FilesController',
  'plugin' => NULL,
)
Request URL: /files/myouseum150-images/Ulysses%20Butterfly
Stack Trace:
#0 /Users/simultech/Dropbox/localdev/tyme/app/webroot/index.php(109): Dispatcher->dispatch(Object(CakeRequest), Object(CakeResponse))
#1 {main}
2013-06-01 14:49:03 Error: [MissingControllerException] Controller class FilesController could not be found.
Exception Attributes: array (
  'class' => 'FilesController',
  'plugin' => NULL,
)
Request URL: /files/myouseum150-images/Ulysses%20Butterfly
Stack Trace:
#0 /Users/simultech/Dropbox/localdev/tyme/app/webroot/index.php(109): Dispatcher->dispatch(Object(CakeRequest), Object(CakeResponse))
#1 {main}
2013-06-01 14:49:14 Error: [MissingControllerException] Controller class FilesController could not be found.
Exception Attributes: array (
  'class' => 'FilesController',
  'plugin' => NULL,
)
Request URL: /files/myouseum150-images/Ulysses%20Butterfly
Stack Trace:
#0 /Users/simultech/Dropbox/localdev/tyme/app/webroot/index.php(109): Dispatcher->dispatch(Object(CakeRequest), Object(CakeResponse))
#1 {main}
2013-06-01 14:49:22 Error: [MissingControllerException] Controller class FilesController could not be found.
Exception Attributes: array (
  'class' => 'FilesController',
  'plugin' => NULL,
)
Request URL: /files/myouseum150-images/Ulysses%20Butterfly
Stack Trace:
#0 /Users/simultech/Dropbox/localdev/tyme/app/webroot/index.php(109): Dispatcher->dispatch(Object(CakeRequest), Object(CakeResponse))
#1 {main}
2013-06-01 14:49:36 Error: [MissingControllerException] Controller class FilesController could not be found.
Exception Attributes: array (
  'class' => 'FilesController',
  'plugin' => NULL,
)
Request URL: /files/myouseum150-images/Ulysses%20Butterfly
Stack Trace:
#0 /Users/simultech/Dropbox/localdev/tyme/app/webroot/index.php(109): Dispatcher->dispatch(Object(CakeRequest), Object(CakeResponse))
#1 {main}
2013-06-01 14:50:10 Error: [MissingControllerException] Controller class FilesController could not be found.
Exception Attributes: array (
  'class' => 'FilesController',
  'plugin' => NULL,
)
Request URL: /files/myouseum150-images/Ulysses%20Butterfly
Stack Trace:
#0 /Users/simultech/Dropbox/localdev/tyme/app/webroot/index.php(109): Dispatcher->dispatch(Object(CakeRequest), Object(CakeResponse))
#1 {main}
2013-06-01 14:50:26 Error: [MissingControllerException] Controller class FilesController could not be found.
Exception Attributes: array (
  'class' => 'FilesController',
  'plugin' => NULL,
)
Request URL: /files/myouseum150-images/Ulysses%20Butterfly
Stack Trace:
#0 /Users/simultech/Dropbox/localdev/tyme/app/webroot/index.php(109): Dispatcher->dispatch(Object(CakeRequest), Object(CakeResponse))
#1 {main}
2013-06-01 14:50:40 Error: [MissingControllerException] Controller class FilesController could not be found.
Exception Attributes: array (
  'class' => 'FilesController',
  'plugin' => NULL,
)
Request URL: /files/myouseum150-images/Ulysses%20Butterfly
Stack Trace:
#0 /Users/simultech/Dropbox/localdev/tyme/app/webroot/index.php(109): Dispatcher->dispatch(Object(CakeRequest), Object(CakeResponse))
#1 {main}
2013-06-01 14:50:44 Error: [MissingControllerException] Controller class FilesController could not be found.
Exception Attributes: array (
  'class' => 'FilesController',
  'plugin' => NULL,
)
Request URL: /files/myouseum150-images/Ulysses%20Butterfly
Stack Trace:
#0 /Users/simultech/Dropbox/localdev/tyme/app/webroot/index.php(109): Dispatcher->dispatch(Object(CakeRequest), Object(CakeResponse))
#1 {main}
2013-06-01 14:51:01 Error: [MissingControllerException] Controller class FilesController could not be found.
Exception Attributes: array (
  'class' => 'FilesController',
  'plugin' => NULL,
)
Request URL: /files/myouseum150-images/Ulysses%20Butterfly
Stack Trace:
#0 /Users/simultech/Dropbox/localdev/tyme/app/webroot/index.php(109): Dispatcher->dispatch(Object(CakeRequest), Object(CakeResponse))
#1 {main}
2013-06-01 14:51:09 Error: [MissingControllerException] Controller class FilesController could not be found.
Exception Attributes: array (
  'class' => 'FilesController',
  'plugin' => NULL,
)
Request URL: /files/myouseum150-images/Ulysses%20Butterfly
Stack Trace:
#0 /Users/simultech/Dropbox/localdev/tyme/app/webroot/index.php(109): Dispatcher->dispatch(Object(CakeRequest), Object(CakeResponse))
#1 {main}
2013-06-01 14:51:24 Error: [MissingControllerException] Controller class FilesController could not be found.
Exception Attributes: array (
  'class' => 'FilesController',
  'plugin' => NULL,
)
Request URL: /files/myouseum150-images/Ulysses%20Butterfly
Stack Trace:
#0 /Users/simultech/Dropbox/localdev/tyme/app/webroot/index.php(109): Dispatcher->dispatch(Object(CakeRequest), Object(CakeResponse))
#1 {main}
2013-06-01 14:51:38 Error: [MissingControllerException] Controller class FilesController could not be found.
Exception Attributes: array (
  'class' => 'FilesController',
  'plugin' => NULL,
)
Request URL: /files/myouseum150-images/Ulysses%20Butterfly
Stack Trace:
#0 /Users/simultech/Dropbox/localdev/tyme/app/webroot/index.php(109): Dispatcher->dispatch(Object(CakeRequest), Object(CakeResponse))
#1 {main}
2013-06-01 14:51:45 Error: [MissingControllerException] Controller class FilesController could not be found.
Exception Attributes: array (
  'class' => 'FilesController',
  'plugin' => NULL,
)
Request URL: /files/myouseum150-images/Ulysses%20Butterfly
Stack Trace:
#0 /Users/simultech/Dropbox/localdev/tyme/app/webroot/index.php(109): Dispatcher->dispatch(Object(CakeRequest), Object(CakeResponse))
#1 {main}
2013-06-01 14:52:00 Error: [MissingControllerException] Controller class FilesController could not be found.
Exception Attributes: array (
  'class' => 'FilesController',
  'plugin' => NULL,
)
Request URL: /files/myouseum150-images/Ulysses%20Butterfly
Stack Trace:
#0 /Users/simultech/Dropbox/localdev/tyme/app/webroot/index.php(109): Dispatcher->dispatch(Object(CakeRequest), Object(CakeResponse))
#1 {main}
2013-06-01 14:52:12 Error: [MissingControllerException] Controller class FilesController could not be found.
Exception Attributes: array (
  'class' => 'FilesController',
  'plugin' => NULL,
)
Request URL: /files/myouseum150-images/Ulysses%20Butterfly
Stack Trace:
#0 /Users/simultech/Dropbox/localdev/tyme/app/webroot/index.php(109): Dispatcher->dispatch(Object(CakeRequest), Object(CakeResponse))
#1 {main}
2013-06-01 14:52:21 Error: [MissingControllerException] Controller class FilesController could not be found.
Exception Attributes: array (
  'class' => 'FilesController',
  'plugin' => NULL,
)
Request URL: /files/myouseum150-images/Ulysses%20Butterfly
Stack Trace:
#0 /Users/simultech/Dropbox/localdev/tyme/app/webroot/index.php(109): Dispatcher->dispatch(Object(CakeRequest), Object(CakeResponse))
#1 {main}
2013-06-01 14:52:26 Error: [MissingControllerException] Controller class FilesController could not be found.
Exception Attributes: array (
  'class' => 'FilesController',
  'plugin' => NULL,
)
Request URL: /files/myouseum150-images/Ulysses%20Butterfly
Stack Trace:
#0 /Users/simultech/Dropbox/localdev/tyme/app/webroot/index.php(109): Dispatcher->dispatch(Object(CakeRequest), Object(CakeResponse))
#1 {main}
2013-06-01 14:52:50 Error: [MissingControllerException] Controller class FilesController could not be found.
Exception Attributes: array (
  'class' => 'FilesController',
  'plugin' => NULL,
)
Request URL: /files/myouseum150-images/Ulysses%20Butterfly
Stack Trace:
#0 /Users/simultech/Dropbox/localdev/tyme/app/webroot/index.php(109): Dispatcher->dispatch(Object(CakeRequest), Object(CakeResponse))
#1 {main}
2013-06-01 14:53:54 Error: [MissingControllerException] Controller class FilesController could not be found.
Exception Attributes: array (
  'class' => 'FilesController',
  'plugin' => NULL,
)
Request URL: /files/myouseum150-images/Ulysses%20Butterfly
Stack Trace:
#0 /Users/simultech/Dropbox/localdev/tyme/app/webroot/index.php(109): Dispatcher->dispatch(Object(CakeRequest), Object(CakeResponse))
#1 {main}
2013-06-01 14:54:21 Error: [MissingControllerException] Controller class FilesController could not be found.
Exception Attributes: array (
  'class' => 'FilesController',
  'plugin' => NULL,
)
Request URL: /files/myouseum150-images/Ulysses%20Butterfly
Stack Trace:
#0 /Users/simultech/Dropbox/localdev/tyme/app/webroot/index.php(109): Dispatcher->dispatch(Object(CakeRequest), Object(CakeResponse))
#1 {main}
2013-06-01 14:55:21 Error: [MissingControllerException] Controller class FilesController could not be found.
Exception Attributes: array (
  'class' => 'FilesController',
  'plugin' => NULL,
)
Request URL: /files/myouseum150-images/Ulysses%20Butterfly
Stack Trace:
#0 /Users/simultech/Dropbox/localdev/tyme/app/webroot/index.php(109): Dispatcher->dispatch(Object(CakeRequest), Object(CakeResponse))
#1 {main}
2013-06-01 14:55:29 Error: [MissingControllerException] Controller class FilesController could not be found.
Exception Attributes: array (
  'class' => 'FilesController',
  'plugin' => NULL,
)
Request URL: /files/myouseum150-images/Ulysses%20Butterfly
Stack Trace:
#0 /Users/simultech/Dropbox/localdev/tyme/app/webroot/index.php(109): Dispatcher->dispatch(Object(CakeRequest), Object(CakeResponse))
#1 {main}
2013-06-01 14:57:37 Error: [MissingControllerException] Controller class FilesController could not be found.
Exception Attributes: array (
  'class' => 'FilesController',
  'plugin' => NULL,
)
Request URL: /files/myouseum150-images/Ulysses%20Butterfly
Stack Trace:
#0 /Users/simultech/Dropbox/localdev/tyme/app/webroot/index.php(109): Dispatcher->dispatch(Object(CakeRequest), Object(CakeResponse))
#1 {main}
2013-06-01 14:57:50 Error: [MissingControllerException] Controller class FilesController could not be found.
Exception Attributes: array (
  'class' => 'FilesController',
  'plugin' => NULL,
)
Request URL: /files/myouseum150-images/Ulysses%20Butterfly
Stack Trace:
#0 /Users/simultech/Dropbox/localdev/tyme/app/webroot/index.php(109): Dispatcher->dispatch(Object(CakeRequest), Object(CakeResponse))
#1 {main}
2013-06-01 15:42:11 Error: [MissingControllerException] Controller class StaticController could not be found.
Exception Attributes: array (
  'class' => 'StaticController',
  'plugin' => NULL,
)
Request URL: /static/ndp/oxideDesign/css/styleTrove.css
Stack Trace:
#0 /Users/simultech/Dropbox/localdev/tyme/app/webroot/index.php(109): Dispatcher->dispatch(Object(CakeRequest), Object(CakeResponse))
#1 {main}
2013-06-01 15:42:11 Error: [MissingControllerException] Controller class StaticController could not be found.
Exception Attributes: array (
  'class' => 'StaticController',
  'plugin' => NULL,
)
Request URL: /static/ndp/oxideDesign/js/jquery-1.2.6.min.js
Stack Trace:
#0 /Users/simultech/Dropbox/localdev/tyme/app/webroot/index.php(109): Dispatcher->dispatch(Object(CakeRequest), Object(CakeResponse))
#1 {main}
2013-06-01 15:42:11 Error: [MissingControllerException] Controller class StaticController could not be found.
Exception Attributes: array (
  'class' => 'StaticController',
  'plugin' => NULL,
)
Request URL: /static/ndp/oxideDesign/js/jquery.ui/ui.slider.js
Stack Trace:
#0 /Users/simultech/Dropbox/localdev/tyme/app/webroot/index.php(109): Dispatcher->dispatch(Object(CakeRequest), Object(CakeResponse))
#1 {main}
2013-06-01 15:42:11 Error: [MissingControllerException] Controller class StaticController could not be found.
Exception Attributes: array (
  'class' => 'StaticController',
  'plugin' => NULL,
)
Request URL: /static/ndp/oxideDesign/js/jquery.ui/ui.core.js
Stack Trace:
#0 /Users/simultech/Dropbox/localdev/tyme/app/webroot/index.php(109): Dispatcher->dispatch(Object(CakeRequest), Object(CakeResponse))
#1 {main}
2013-06-01 15:42:11 Error: [MissingControllerException] Controller class StaticController could not be found.
Exception Attributes: array (
  'class' => 'StaticController',
  'plugin' => NULL,
)
Request URL: /static/ndp/oxideDesign/css/style.css
Stack Trace:
#0 /Users/simultech/Dropbox/localdev/tyme/app/webroot/index.php(109): Dispatcher->dispatch(Object(CakeRequest), Object(CakeResponse))
#1 {main}
2013-06-01 15:42:11 Error: [MissingControllerException] Controller class StaticController could not be found.
Exception Attributes: array (
  'class' => 'StaticController',
  'plugin' => NULL,
)
Request URL: /static/ndp/oxideDesign/css/jquery.bookmark.css
Stack Trace:
#0 /Users/simultech/Dropbox/localdev/tyme/app/webroot/index.php(109): Dispatcher->dispatch(Object(CakeRequest), Object(CakeResponse))
#1 {main}
2013-06-01 15:42:11 Error: [MissingControllerException] Controller class StaticController could not be found.
Exception Attributes: array (
  'class' => 'StaticController',
  'plugin' => NULL,
)
Request URL: /static/ndp/oxideDesign/js/jquery.ui/ui.accordion.js
Stack Trace:
#0 /Users/simultech/Dropbox/localdev/tyme/app/webroot/index.php(109): Dispatcher->dispatch(Object(CakeRequest), Object(CakeResponse))
#1 {main}
2013-06-01 15:42:11 Error: [MissingControllerException] Controller class StaticController could not be found.
Exception Attributes: array (
  'class' => 'StaticController',
  'plugin' => NULL,
)
Request URL: /static/ndp/oxideDesign/js/jquery.cookie.js
Stack Trace:
#0 /Users/simultech/Dropbox/localdev/tyme/app/webroot/index.php(109): Dispatcher->dispatch(Object(CakeRequest), Object(CakeResponse))
#1 {main}
2013-06-01 15:42:11 Error: [MissingControllerException] Controller class StaticController could not be found.
Exception Attributes: array (
  'class' => 'StaticController',
  'plugin' => NULL,
)
Request URL: /static/ndp/oxideDesign/js/jquery.selection.js
Stack Trace:
#0 /Users/simultech/Dropbox/localdev/tyme/app/webroot/index.php(109): Dispatcher->dispatch(Object(CakeRequest), Object(CakeResponse))
#1 {main}
2013-06-01 15:42:11 Error: [MissingControllerException] Controller class StaticController could not be found.
Exception Attributes: array (
  'class' => 'StaticController',
  'plugin' => NULL,
)
Request URL: /static/ndp/oxideDesign/js/jquery.contextmenu.js
Stack Trace:
#0 /Users/simultech/Dropbox/localdev/tyme/app/webroot/index.php(109): Dispatcher->dispatch(Object(CakeRequest), Object(CakeResponse))
#1 {main}
2013-06-01 15:42:11 Error: [MissingControllerException] Controller class StaticController could not be found.
Exception Attributes: array (
  'class' => 'StaticController',
  'plugin' => NULL,
)
Request URL: /static/ndp/oxideDesign/js/jquery.autogrow-textarea.js
Stack Trace:
#0 /Users/simultech/Dropbox/localdev/tyme/app/webroot/index.php(109): Dispatcher->dispatch(Object(CakeRequest), Object(CakeResponse))
#1 {main}
2013-06-01 15:42:11 Error: [MissingControllerException] Controller class StaticController could not be found.
Exception Attributes: array (
  'class' => 'StaticController',
  'plugin' => NULL,
)
Request URL: /static/ndp/oxideDesign/js/ndp.js
Stack Trace:
#0 /Users/simultech/Dropbox/localdev/tyme/app/webroot/index.php(109): Dispatcher->dispatch(Object(CakeRequest), Object(CakeResponse))
#1 {main}
2013-06-01 15:42:11 Error: [MissingControllerException] Controller class StaticController could not be found.
Exception Attributes: array (
  'class' => 'StaticController',
  'plugin' => NULL,
)
Request URL: /static/ndp/oxideDesign/js/articleMiscJS.js
Stack Trace:
#0 /Users/simultech/Dropbox/localdev/tyme/app/webroot/index.php(109): Dispatcher->dispatch(Object(CakeRequest), Object(CakeResponse))
#1 {main}
2013-06-01 15:42:11 Error: [MissingControllerException] Controller class StaticController could not be found.
Exception Attributes: array (
  'class' => 'StaticController',
  'plugin' => NULL,
)
Request URL: /static/ndp/oxideDesign/js/articleOCRCorrection.js
Stack Trace:
#0 /Users/simultech/Dropbox/localdev/tyme/app/webroot/index.php(109): Dispatcher->dispatch(Object(CakeRequest), Object(CakeResponse))
#1 {main}
2013-06-01 15:42:11 Error: [MissingControllerException] Controller class StaticController could not be found.
Exception Attributes: array (
  'class' => 'StaticController',
  'plugin' => NULL,
)
Request URL: /static/ndp/oxideDesign/js/oxideScript.js
Stack Trace:
#0 /Users/simultech/Dropbox/localdev/tyme/app/webroot/index.php(109): Dispatcher->dispatch(Object(CakeRequest), Object(CakeResponse))
#1 {main}
2013-06-01 15:42:11 Error: [MissingControllerException] Controller class StaticController could not be found.
Exception Attributes: array (
  'class' => 'StaticController',
  'plugin' => NULL,
)
Request URL: /static/ndp/oxideDesign/js/jquery.ui/ui.draggable.js
Stack Trace:
#0 /Users/simultech/Dropbox/localdev/tyme/app/webroot/index.php(109): Dispatcher->dispatch(Object(CakeRequest), Object(CakeResponse))
#1 {main}
2013-06-01 15:42:11 Error: [MissingControllerException] Controller class StaticController could not be found.
Exception Attributes: array (
  'class' => 'StaticController',
  'plugin' => NULL,
)
Request URL: /static/ndp/oxideDesign/js/resizeFrames.js
Stack Trace:
#0 /Users/simultech/Dropbox/localdev/tyme/app/webroot/index.php(109): Dispatcher->dispatch(Object(CakeRequest), Object(CakeResponse))
#1 {main}
2013-06-01 15:42:11 Error: [MissingControllerException] Controller class StaticController could not be found.
Exception Attributes: array (
  'class' => 'StaticController',
  'plugin' => NULL,
)
Request URL: /static/ndp/oxideDesign/js/jquery.ui/jquery.bookmark.js
Stack Trace:
#0 /Users/simultech/Dropbox/localdev/tyme/app/webroot/index.php(109): Dispatcher->dispatch(Object(CakeRequest), Object(CakeResponse))
#1 {main}
2013-06-01 15:42:11 Error: [MissingControllerException] Controller class NdpController could not be found.
Exception Attributes: array (
  'class' => 'NdpController',
  'plugin' => NULL,
)
Request URL: /ndp/del/articleCss
Stack Trace:
#0 /Users/simultech/Dropbox/localdev/tyme/app/webroot/index.php(109): Dispatcher->dispatch(Object(CakeRequest), Object(CakeResponse))
#1 {main}
2013-06-01 15:42:12 Error: [MissingControllerException] Controller class StaticController could not be found.
Exception Attributes: array (
  'class' => 'StaticController',
  'plugin' => NULL,
)
Request URL: /static/ndp/gsiv-1.0.1/assets/styles/gsiv.css
Stack Trace:
#0 /Users/simultech/Dropbox/localdev/tyme/app/webroot/index.php(109): Dispatcher->dispatch(Object(CakeRequest), Object(CakeResponse))
#1 {main}
2013-06-01 15:42:12 Error: [MissingControllerException] Controller class StaticController could not be found.
Exception Attributes: array (
  'class' => 'StaticController',
  'plugin' => NULL,
)
Request URL: /static/ndp/gsiv-1.0.1/assets/js/EventUtils.js
Stack Trace:
#0 /Users/simultech/Dropbox/localdev/tyme/app/webroot/index.php(109): Dispatcher->dispatch(Object(CakeRequest), Object(CakeResponse))
#1 {main}
2013-06-01 15:42:12 Error: [MissingControllerException] Controller class StaticController could not be found.
Exception Attributes: array (
  'class' => 'StaticController',
  'plugin' => NULL,
)
Request URL: /static/ndp/oxideDesign/img/dig-news-logo.gif
Stack Trace:
#0 /Users/simultech/Dropbox/localdev/tyme/app/webroot/index.php(109): Dispatcher->dispatch(Object(CakeRequest), Object(CakeResponse))
#1 {main}
2013-06-01 15:42:12 Error: [MissingControllerException] Controller class StaticController could not be found.
Exception Attributes: array (
  'class' => 'StaticController',
  'plugin' => NULL,
)
Request URL: /static/ndp/oxideDesign/img/trove-logo-del.gif
Stack Trace:
#0 /Users/simultech/Dropbox/localdev/tyme/app/webroot/index.php(109): Dispatcher->dispatch(Object(CakeRequest), Object(CakeResponse))
#1 {main}
2013-06-01 15:42:12 Error: [MissingControllerException] Controller class StaticController could not be found.
Exception Attributes: array (
  'class' => 'StaticController',
  'plugin' => NULL,
)
Request URL: /static/ndp/gsiv-1.0.1/assets/js/GSIV_NLA.js
Stack Trace:
#0 /Users/simultech/Dropbox/localdev/tyme/app/webroot/index.php(109): Dispatcher->dispatch(Object(CakeRequest), Object(CakeResponse))
#1 {main}
2013-06-01 15:42:12 Error: [MissingControllerException] Controller class StaticController could not be found.
Exception Attributes: array (
  'class' => 'StaticController',
  'plugin' => NULL,
)
Request URL: /static/ndp/oxideDesign/js/jquery.cookie.js
Stack Trace:
#0 /Users/simultech/Dropbox/localdev/tyme/app/webroot/index.php(109): Dispatcher->dispatch(Object(CakeRequest), Object(CakeResponse))
#1 {main}
2013-06-01 15:42:12 Error: [MissingControllerException] Controller class StaticController could not be found.
Exception Attributes: array (
  'class' => 'StaticController',
  'plugin' => NULL,
)
Request URL: /static/ndp/oxideDesign/js/jquery.selection.js
Stack Trace:
#0 /Users/simultech/Dropbox/localdev/tyme/app/webroot/index.php(109): Dispatcher->dispatch(Object(CakeRequest), Object(CakeResponse))
#1 {main}
2013-06-01 15:42:12 Error: [MissingControllerException] Controller class StaticController could not be found.
Exception Attributes: array (
  'class' => 'StaticController',
  'plugin' => NULL,
)
Request URL: /static/ndp/oxideDesign/js/jquery.contextmenu.js
Stack Trace:
#0 /Users/simultech/Dropbox/localdev/tyme/app/webroot/index.php(109): Dispatcher->dispatch(Object(CakeRequest), Object(CakeResponse))
#1 {main}
2013-06-01 15:42:12 Error: [MissingControllerException] Controller class StaticController could not be found.
Exception Attributes: array (
  'class' => 'StaticController',
  'plugin' => NULL,
)
Request URL: /static/ndp/oxideDesign/js/jquery.autogrow-textarea.js
Stack Trace:
#0 /Users/simultech/Dropbox/localdev/tyme/app/webroot/index.php(109): Dispatcher->dispatch(Object(CakeRequest), Object(CakeResponse))
#1 {main}
2013-06-01 15:42:12 Error: [MissingControllerException] Controller class StaticController could not be found.
Exception Attributes: array (
  'class' => 'StaticController',
  'plugin' => NULL,
)
Request URL: /static/ndp/oxideDesign/js/ndp.js
Stack Trace:
#0 /Users/simultech/Dropbox/localdev/tyme/app/webroot/index.php(109): Dispatcher->dispatch(Object(CakeRequest), Object(CakeResponse))
#1 {main}
2013-06-01 15:42:12 Error: [MissingControllerException] Controller class StaticController could not be found.
Exception Attributes: array (
  'class' => 'StaticController',
  'plugin' => NULL,
)
Request URL: /static/ndp/oxideDesign/js/articleOCRCorrection.js
Stack Trace:
#0 /Users/simultech/Dropbox/localdev/tyme/app/webroot/index.php(109): Dispatcher->dispatch(Object(CakeRequest), Object(CakeResponse))
#1 {main}
2013-06-01 15:42:12 Error: [MissingControllerException] Controller class StaticController could not be found.
Exception Attributes: array (
  'class' => 'StaticController',
  'plugin' => NULL,
)
Request URL: /static/ndp/oxideDesign/js/articleMiscJS.js
Stack Trace:
#0 /Users/simultech/Dropbox/localdev/tyme/app/webroot/index.php(109): Dispatcher->dispatch(Object(CakeRequest), Object(CakeResponse))
#1 {main}
2013-06-01 15:42:12 Error: [MissingControllerException] Controller class StaticController could not be found.
Exception Attributes: array (
  'class' => 'StaticController',
  'plugin' => NULL,
)
Request URL: /static/ndp/oxideDesign/js/oxideScript.js
Stack Trace:
#0 /Users/simultech/Dropbox/localdev/tyme/app/webroot/index.php(109): Dispatcher->dispatch(Object(CakeRequest), Object(CakeResponse))
#1 {main}
2013-06-01 15:42:12 Error: [MissingControllerException] Controller class StaticController could not be found.
Exception Attributes: array (
  'class' => 'StaticController',
  'plugin' => NULL,
)
Request URL: /static/ndp/oxideDesign/js/jquery.ui/ui.draggable.js
Stack Trace:
#0 /Users/simultech/Dropbox/localdev/tyme/app/webroot/index.php(109): Dispatcher->dispatch(Object(CakeRequest), Object(CakeResponse))
#1 {main}
2013-06-01 15:42:12 Error: [MissingControllerException] Controller class StaticController could not be found.
Exception Attributes: array (
  'class' => 'StaticController',
  'plugin' => NULL,
)
Request URL: /static/ndp/oxideDesign/js/resizeFrames.js
Stack Trace:
#0 /Users/simultech/Dropbox/localdev/tyme/app/webroot/index.php(109): Dispatcher->dispatch(Object(CakeRequest), Object(CakeResponse))
#1 {main}
2013-06-01 15:42:12 Error: [MissingControllerException] Controller class StaticController could not be found.
Exception Attributes: array (
  'class' => 'StaticController',
  'plugin' => NULL,
)
Request URL: /static/ndp/oxideDesign/js/jquery.ui/jquery.bookmark.js
Stack Trace:
#0 /Users/simultech/Dropbox/localdev/tyme/app/webroot/index.php(109): Dispatcher->dispatch(Object(CakeRequest), Object(CakeResponse))
#1 {main}
2013-06-01 15:42:12 Error: [MissingControllerException] Controller class StaticController could not be found.
Exception Attributes: array (
  'class' => 'StaticController',
  'plugin' => NULL,
)
Request URL: /static/ndp/gsiv-1.0.1/assets/styles/gsiv.css
Stack Trace:
#0 /Users/simultech/Dropbox/localdev/tyme/app/webroot/index.php(109): Dispatcher->dispatch(Object(CakeRequest), Object(CakeResponse))
#1 {main}
2013-06-01 15:42:12 Error: [MissingControllerException] Controller class NdpController could not be found.
Exception Attributes: array (
  'class' => 'NdpController',
  'plugin' => NULL,
)
Request URL: /ndp/del/articleCss
Stack Trace:
#0 /Users/simultech/Dropbox/localdev/tyme/app/webroot/index.php(109): Dispatcher->dispatch(Object(CakeRequest), Object(CakeResponse))
#1 {main}
2013-06-01 15:42:13 Error: [MissingControllerException] Controller class StaticController could not be found.
Exception Attributes: array (
  'class' => 'StaticController',
  'plugin' => NULL,
)
Request URL: /static/ndp/oxideDesign/img/trove-logo-del.gif
Stack Trace:
#0 /Users/simultech/Dropbox/localdev/tyme/app/webroot/index.php(109): Dispatcher->dispatch(Object(CakeRequest), Object(CakeResponse))
#1 {main}
2013-06-01 15:42:13 Error: [MissingControllerException] Controller class StaticController could not be found.
Exception Attributes: array (
  'class' => 'StaticController',
  'plugin' => NULL,
)
Request URL: /static/ndp/gsiv-1.0.1/assets/js/EventUtils.js
Stack Trace:
#0 /Users/simultech/Dropbox/localdev/tyme/app/webroot/index.php(109): Dispatcher->dispatch(Object(CakeRequest), Object(CakeResponse))
#1 {main}
2013-06-01 15:42:13 Error: [MissingControllerException] Controller class StaticController could not be found.
Exception Attributes: array (
  'class' => 'StaticController',
  'plugin' => NULL,
)
Request URL: /static/ndp/oxideDesign/img/dig-news-logo.gif
Stack Trace:
#0 /Users/simultech/Dropbox/localdev/tyme/app/webroot/index.php(109): Dispatcher->dispatch(Object(CakeRequest), Object(CakeResponse))
#1 {main}
2013-06-01 15:42:13 Error: [MissingControllerException] Controller class StaticController could not be found.
Exception Attributes: array (
  'class' => 'StaticController',
  'plugin' => NULL,
)
Request URL: /static/ndp/gsiv-1.0.1/assets/js/GSIV_NLA.js
Stack Trace:
#0 /Users/simultech/Dropbox/localdev/tyme/app/webroot/index.php(109): Dispatcher->dispatch(Object(CakeRequest), Object(CakeResponse))
#1 {main}
2013-06-01 15:47:01 Error: [MissingControllerException] Controller class StaticController could not be found.
Exception Attributes: array (
  'class' => 'StaticController',
  'plugin' => NULL,
)
Request URL: /static/ndp/tmpImageFiles/article89920973-3-1370065620934/article89920973-3-001.jpg
Stack Trace:
#0 /Users/simultech/Dropbox/localdev/tyme/app/webroot/index.php(109): Dispatcher->dispatch(Object(CakeRequest), Object(CakeResponse))
#1 {main}
2013-06-01 15:47:14 Error: [MissingControllerException] Controller class StaticController could not be found.
Exception Attributes: array (
  'class' => 'StaticController',
  'plugin' => NULL,
)
Request URL: /static/ndp/tmpImageFiles/article89920973-3-1370065633745/article89920973-3-001.jpg
Stack Trace:
#0 /Users/simultech/Dropbox/localdev/tyme/app/webroot/index.php(109): Dispatcher->dispatch(Object(CakeRequest), Object(CakeResponse))
#1 {main}
2013-06-01 15:47:22 Error: [MissingControllerException] Controller class StaticController could not be found.
Exception Attributes: array (
  'class' => 'StaticController',
  'plugin' => NULL,
)
Request URL: /static/ndp/tmpImageFiles/article89920973-3-1370065642290/article89920973-3-001.jpg
Stack Trace:
#0 /Users/simultech/Dropbox/localdev/tyme/app/webroot/index.php(109): Dispatcher->dispatch(Object(CakeRequest), Object(CakeResponse))
#1 {main}
2013-06-01 15:47:27 Error: [MissingControllerException] Controller class StaticController could not be found.
Exception Attributes: array (
  'class' => 'StaticController',
  'plugin' => NULL,
)
Request URL: /static/ndp/tmpImageFiles/article89920973-3-1370065642290/article89920973-3-001.jpg
Stack Trace:
#0 /Users/simultech/Dropbox/localdev/tyme/app/webroot/index.php(109): Dispatcher->dispatch(Object(CakeRequest), Object(CakeResponse))
#1 {main}
2013-06-01 15:48:49 Error: [MissingControllerException] Controller class StaticController could not be found.
Exception Attributes: array (
  'class' => 'StaticController',
  'plugin' => NULL,
)
Request URL: /static/ndp/tmpImageFiles/article89920973-3-1370065728781/article89920973-3-001.jpg
Stack Trace:
#0 /Users/simultech/Dropbox/localdev/tyme/app/webroot/index.php(109): Dispatcher->dispatch(Object(CakeRequest), Object(CakeResponse))
#1 {main}
2013-06-01 15:49:38 Error: [MissingControllerException] Controller class StaticController could not be found.
Exception Attributes: array (
  'class' => 'StaticController',
  'plugin' => NULL,
)
Request URL: /static/ndp/tmpImageFiles/article89920973-3-1370065777956/article89920973-3-001.jpg
Stack Trace:
#0 /Users/simultech/Dropbox/localdev/tyme/app/webroot/index.php(109): Dispatcher->dispatch(Object(CakeRequest), Object(CakeResponse))
#1 {main}
2013-06-01 15:54:32 Error: [MissingControllerException] Controller class StaticController could not be found.
Exception Attributes: array (
  'class' => 'StaticController',
  'plugin' => NULL,
)
Request URL: /static/ndp/tmpImageFiles/article89920973-3-1370066069447/article89920973-3-001.jpg
Stack Trace:
#0 /Users/simultech/Dropbox/localdev/tyme/app/webroot/index.php(109): Dispatcher->dispatch(Object(CakeRequest), Object(CakeResponse))
#1 {main}
2013-06-01 15:54:32 Error: [MissingControllerException] Controller class StaticController could not be found.
Exception Attributes: array (
  'class' => 'StaticController',
  'plugin' => NULL,
)
Request URL: /static/ndp/tmpImageFiles/article88153768-3-1370066069849/article88153768-3-001.jpg
Stack Trace:
#0 /Users/simultech/Dropbox/localdev/tyme/app/webroot/index.php(109): Dispatcher->dispatch(Object(CakeRequest), Object(CakeResponse))
#1 {main}
2013-06-01 15:54:32 Error: [MissingControllerException] Controller class StaticController could not be found.
Exception Attributes: array (
  'class' => 'StaticController',
  'plugin' => NULL,
)
Request URL: /static/ndp/tmpImageFiles/article39456613-3-1370066069626/article39456613-3-001.jpg
Stack Trace:
#0 /Users/simultech/Dropbox/localdev/tyme/app/webroot/index.php(109): Dispatcher->dispatch(Object(CakeRequest), Object(CakeResponse))
#1 {main}
2013-06-01 15:54:32 Error: [MissingControllerException] Controller class StaticController could not be found.
Exception Attributes: array (
  'class' => 'StaticController',
  'plugin' => NULL,
)
Request URL: /static/ndp/tmpImageFiles/article9339254-3-1370066069713/article9339254-3-001.jpg
Stack Trace:
#0 /Users/simultech/Dropbox/localdev/tyme/app/webroot/index.php(109): Dispatcher->dispatch(Object(CakeRequest), Object(CakeResponse))
#1 {main}
2013-06-01 15:54:32 Error: [MissingControllerException] Controller class StaticController could not be found.
Exception Attributes: array (
  'class' => 'StaticController',
  'plugin' => NULL,
)
Request URL: /static/ndp/tmpImageFiles/article39568670-3-1370066069544/article39568670-3-001.jpg
Stack Trace:
#0 /Users/simultech/Dropbox/localdev/tyme/app/webroot/index.php(109): Dispatcher->dispatch(Object(CakeRequest), Object(CakeResponse))
#1 {main}
2013-06-01 15:54:32 Error: [MissingControllerException] Controller class StaticController could not be found.
Exception Attributes: array (
  'class' => 'StaticController',
  'plugin' => NULL,
)
Request URL: /static/ndp/tmpImageFiles/article103625055-3-1370066070001/article103625055-3-001.jpg
Stack Trace:
#0 /Users/simultech/Dropbox/localdev/tyme/app/webroot/index.php(109): Dispatcher->dispatch(Object(CakeRequest), Object(CakeResponse))
#1 {main}
2013-06-01 15:54:32 Error: [MissingControllerException] Controller class StaticController could not be found.
Exception Attributes: array (
  'class' => 'StaticController',
  'plugin' => NULL,
)
Request URL: /static/ndp/tmpImageFiles/article39626583-3-1370066070164/article39626583-3-001.jpg
Stack Trace:
#0 /Users/simultech/Dropbox/localdev/tyme/app/webroot/index.php(109): Dispatcher->dispatch(Object(CakeRequest), Object(CakeResponse))
#1 {main}
2013-06-01 15:54:32 Error: [MissingControllerException] Controller class StaticController could not be found.
Exception Attributes: array (
  'class' => 'StaticController',
  'plugin' => NULL,
)
Request URL: /static/ndp/tmpImageFiles/article30792300-3-1370066070312/article30792300-3-001.jpg
Stack Trace:
#0 /Users/simultech/Dropbox/localdev/tyme/app/webroot/index.php(109): Dispatcher->dispatch(Object(CakeRequest), Object(CakeResponse))
#1 {main}
2013-06-01 15:54:32 Error: [MissingControllerException] Controller class StaticController could not be found.
Exception Attributes: array (
  'class' => 'StaticController',
  'plugin' => NULL,
)
Request URL: /static/ndp/tmpImageFiles/article64221449-3-1370066070452/article64221449-3-001.jpg
Stack Trace:
#0 /Users/simultech/Dropbox/localdev/tyme/app/webroot/index.php(109): Dispatcher->dispatch(Object(CakeRequest), Object(CakeResponse))
#1 {main}
2013-06-01 15:54:32 Error: [MissingControllerException] Controller class StaticController could not be found.
Exception Attributes: array (
  'class' => 'StaticController',
  'plugin' => NULL,
)
Request URL: /static/ndp/tmpImageFiles/article100549142-3-1370066070531/article100549142-3-001.jpg
Stack Trace:
#0 /Users/simultech/Dropbox/localdev/tyme/app/webroot/index.php(109): Dispatcher->dispatch(Object(CakeRequest), Object(CakeResponse))
#1 {main}
2013-06-01 15:54:32 Error: [MissingControllerException] Controller class StaticController could not be found.
Exception Attributes: array (
  'class' => 'StaticController',
  'plugin' => NULL,
)
Request URL: /static/ndp/tmpImageFiles/article103603470-3-1370066070660/article103603470-3-001.jpg
Stack Trace:
#0 /Users/simultech/Dropbox/localdev/tyme/app/webroot/index.php(109): Dispatcher->dispatch(Object(CakeRequest), Object(CakeResponse))
#1 {main}
2013-06-01 15:54:32 Error: [MissingControllerException] Controller class StaticController could not be found.
Exception Attributes: array (
  'class' => 'StaticController',
  'plugin' => NULL,
)
Request URL: /static/ndp/tmpImageFiles/article111979232-3-1370066070740/article111979232-3-001.jpg
Stack Trace:
#0 /Users/simultech/Dropbox/localdev/tyme/app/webroot/index.php(109): Dispatcher->dispatch(Object(CakeRequest), Object(CakeResponse))
#1 {main}
2013-06-01 15:54:32 Error: [MissingControllerException] Controller class StaticController could not be found.
Exception Attributes: array (
  'class' => 'StaticController',
  'plugin' => NULL,
)
Request URL: /static/ndp/tmpImageFiles/article51035096-3-1370066070824/article51035096-3-001.jpg
Stack Trace:
#0 /Users/simultech/Dropbox/localdev/tyme/app/webroot/index.php(109): Dispatcher->dispatch(Object(CakeRequest), Object(CakeResponse))
#1 {main}
2013-06-01 15:54:32 Error: [MissingControllerException] Controller class StaticController could not be found.
Exception Attributes: array (
  'class' => 'StaticController',
  'plugin' => NULL,
)
Request URL: /static/ndp/tmpImageFiles/article67047343-3-1370066071035/article67047343-3-001.jpg
Stack Trace:
#0 /Users/simultech/Dropbox/localdev/tyme/app/webroot/index.php(109): Dispatcher->dispatch(Object(CakeRequest), Object(CakeResponse))
#1 {main}
2013-06-01 15:54:32 Error: [MissingControllerException] Controller class StaticController could not be found.
Exception Attributes: array (
  'class' => 'StaticController',
  'plugin' => NULL,
)
Request URL: /static/ndp/tmpImageFiles/article67038404-3-1370066070955/article67038404-3-001.jpg
Stack Trace:
#0 /Users/simultech/Dropbox/localdev/tyme/app/webroot/index.php(109): Dispatcher->dispatch(Object(CakeRequest), Object(CakeResponse))
#1 {main}
2013-06-01 15:54:32 Error: [MissingControllerException] Controller class StaticController could not be found.
Exception Attributes: array (
  'class' => 'StaticController',
  'plugin' => NULL,
)
Request URL: /static/ndp/tmpImageFiles/article67047128-3-1370066071118/article67047128-3-001.jpg
Stack Trace:
#0 /Users/simultech/Dropbox/localdev/tyme/app/webroot/index.php(109): Dispatcher->dispatch(Object(CakeRequest), Object(CakeResponse))
#1 {main}
2013-06-01 15:54:32 Error: [MissingControllerException] Controller class StaticController could not be found.
Exception Attributes: array (
  'class' => 'StaticController',
  'plugin' => NULL,
)
Request URL: /static/ndp/tmpImageFiles/article31175832-3-1370066071200/article31175832-3-001.jpg
Stack Trace:
#0 /Users/simultech/Dropbox/localdev/tyme/app/webroot/index.php(109): Dispatcher->dispatch(Object(CakeRequest), Object(CakeResponse))
#1 {main}
2013-06-01 15:54:32 Error: [MissingControllerException] Controller class StaticController could not be found.
Exception Attributes: array (
  'class' => 'StaticController',
  'plugin' => NULL,
)
Request URL: /static/ndp/tmpImageFiles/article39588426-3-1370066071280/article39588426-3-001.jpg
Stack Trace:
#0 /Users/simultech/Dropbox/localdev/tyme/app/webroot/index.php(109): Dispatcher->dispatch(Object(CakeRequest), Object(CakeResponse))
#1 {main}
2013-06-01 15:54:32 Error: [MissingControllerException] Controller class StaticController could not be found.
Exception Attributes: array (
  'class' => 'StaticController',
  'plugin' => NULL,
)
Request URL: /static/ndp/tmpImageFiles/article65352351-3-1370066071360/article65352351-3-001.jpg
Stack Trace:
#0 /Users/simultech/Dropbox/localdev/tyme/app/webroot/index.php(109): Dispatcher->dispatch(Object(CakeRequest), Object(CakeResponse))
#1 {main}
2013-06-01 15:54:32 Error: [MissingControllerException] Controller class StaticController could not be found.
Exception Attributes: array (
  'class' => 'StaticController',
  'plugin' => NULL,
)
Request URL: /static/ndp/tmpImageFiles/article67040964-3-1370066071487/article67040964-3-001.jpg
Stack Trace:
#0 /Users/simultech/Dropbox/localdev/tyme/app/webroot/index.php(109): Dispatcher->dispatch(Object(CakeRequest), Object(CakeResponse))
#1 {main}
2013-06-01 15:54:43 Error: [MissingControllerException] Controller class StaticController could not be found.
Exception Attributes: array (
  'class' => 'StaticController',
  'plugin' => NULL,
)
Request URL: /static/ndp/tmpImageFiles/article88153768-3-1370066080677/article88153768-3-001.jpg
Stack Trace:
#0 /Users/simultech/Dropbox/localdev/tyme/app/webroot/index.php(109): Dispatcher->dispatch(Object(CakeRequest), Object(CakeResponse))
#1 {main}
2013-06-01 15:54:43 Error: [MissingControllerException] Controller class StaticController could not be found.
Exception Attributes: array (
  'class' => 'StaticController',
  'plugin' => NULL,
)
Request URL: /static/ndp/tmpImageFiles/article89920973-3-1370066080264/article89920973-3-001.jpg
Stack Trace:
#0 /Users/simultech/Dropbox/localdev/tyme/app/webroot/index.php(109): Dispatcher->dispatch(Object(CakeRequest), Object(CakeResponse))
#1 {main}
2013-06-01 15:54:43 Error: [MissingControllerException] Controller class StaticController could not be found.
Exception Attributes: array (
  'class' => 'StaticController',
  'plugin' => NULL,
)
Request URL: /static/ndp/tmpImageFiles/article103625055-3-1370066080830/article103625055-3-001.jpg
Stack Trace:
#0 /Users/simultech/Dropbox/localdev/tyme/app/webroot/index.php(109): Dispatcher->dispatch(Object(CakeRequest), Object(CakeResponse))
#1 {main}
2013-06-01 15:54:43 Error: [MissingControllerException] Controller class StaticController could not be found.
Exception Attributes: array (
  'class' => 'StaticController',
  'plugin' => NULL,
)
Request URL: /static/ndp/tmpImageFiles/article39456613-3-1370066080516/article39456613-3-001.jpg
Stack Trace:
#0 /Users/simultech/Dropbox/localdev/tyme/app/webroot/index.php(109): Dispatcher->dispatch(Object(CakeRequest), Object(CakeResponse))
#1 {main}
2013-06-01 15:54:43 Error: [MissingControllerException] Controller class StaticController could not be found.
Exception Attributes: array (
  'class' => 'StaticController',
  'plugin' => NULL,
)
Request URL: /static/ndp/tmpImageFiles/article39568670-3-1370066080371/article39568670-3-001.jpg
Stack Trace:
#0 /Users/simultech/Dropbox/localdev/tyme/app/webroot/index.php(109): Dispatcher->dispatch(Object(CakeRequest), Object(CakeResponse))
#1 {main}
2013-06-01 15:54:43 Error: [MissingControllerException] Controller class StaticController could not be found.
Exception Attributes: array (
  'class' => 'StaticController',
  'plugin' => NULL,
)
Request URL: /static/ndp/tmpImageFiles/article9339254-3-1370066080603/article9339254-3-001.jpg
Stack Trace:
#0 /Users/simultech/Dropbox/localdev/tyme/app/webroot/index.php(109): Dispatcher->dispatch(Object(CakeRequest), Object(CakeResponse))
#1 {main}
2013-06-01 15:54:43 Error: [MissingControllerException] Controller class StaticController could not be found.
Exception Attributes: array (
  'class' => 'StaticController',
  'plugin' => NULL,
)
Request URL: /static/ndp/tmpImageFiles/article39626583-3-1370066080956/article39626583-3-001.jpg
Stack Trace:
#0 /Users/simultech/Dropbox/localdev/tyme/app/webroot/index.php(109): Dispatcher->dispatch(Object(CakeRequest), Object(CakeResponse))
#1 {main}
2013-06-01 15:54:43 Error: [MissingControllerException] Controller class StaticController could not be found.
Exception Attributes: array (
  'class' => 'StaticController',
  'plugin' => NULL,
)
Request URL: /static/ndp/tmpImageFiles/article30792300-3-1370066081126/article30792300-3-001.jpg
Stack Trace:
#0 /Users/simultech/Dropbox/localdev/tyme/app/webroot/index.php(109): Dispatcher->dispatch(Object(CakeRequest), Object(CakeResponse))
#1 {main}
2013-06-01 15:54:43 Error: [MissingControllerException] Controller class StaticController could not be found.
Exception Attributes: array (
  'class' => 'StaticController',
  'plugin' => NULL,
)
Request URL: /static/ndp/tmpImageFiles/article103603470-3-1370066081426/article103603470-3-001.jpg
Stack Trace:
#0 /Users/simultech/Dropbox/localdev/tyme/app/webroot/index.php(109): Dispatcher->dispatch(Object(CakeRequest), Object(CakeResponse))
#1 {main}
2013-06-01 15:54:43 Error: [MissingControllerException] Controller class StaticController could not be found.
Exception Attributes: array (
  'class' => 'StaticController',
  'plugin' => NULL,
)
Request URL: /static/ndp/tmpImageFiles/article64221449-3-1370066081208/article64221449-3-001.jpg
Stack Trace:
#0 /Users/simultech/Dropbox/localdev/tyme/app/webroot/index.php(109): Dispatcher->dispatch(Object(CakeRequest), Object(CakeResponse))
#1 {main}
2013-06-01 15:54:43 Error: [MissingControllerException] Controller class StaticController could not be found.
Exception Attributes: array (
  'class' => 'StaticController',
  'plugin' => NULL,
)
Request URL: /static/ndp/tmpImageFiles/article100549142-3-1370066081286/article100549142-3-001.jpg
Stack Trace:
#0 /Users/simultech/Dropbox/localdev/tyme/app/webroot/index.php(109): Dispatcher->dispatch(Object(CakeRequest), Object(CakeResponse))
#1 {main}
2013-06-01 15:54:43 Error: [MissingControllerException] Controller class StaticController could not be found.
Exception Attributes: array (
  'class' => 'StaticController',
  'plugin' => NULL,
)
Request URL: /static/ndp/tmpImageFiles/article111979232-3-1370066081612/article111979232-3-001.jpg
Stack Trace:
#0 /Users/simultech/Dropbox/localdev/tyme/app/webroot/index.php(109): Dispatcher->dispatch(Object(CakeRequest), Object(CakeResponse))
#1 {main}
2013-06-01 15:54:43 Error: [MissingControllerException] Controller class StaticController could not be found.
Exception Attributes: array (
  'class' => 'StaticController',
  'plugin' => NULL,
)
Request URL: /static/ndp/tmpImageFiles/article51035096-3-1370066081763/article51035096-3-001.jpg
Stack Trace:
#0 /Users/simultech/Dropbox/localdev/tyme/app/webroot/index.php(109): Dispatcher->dispatch(Object(CakeRequest), Object(CakeResponse))
#1 {main}
2013-06-01 15:54:43 Error: [MissingControllerException] Controller class StaticController could not be found.
Exception Attributes: array (
  'class' => 'StaticController',
  'plugin' => NULL,
)
Request URL: /static/ndp/tmpImageFiles/article67038404-3-1370066081840/article67038404-3-001.jpg
Stack Trace:
#0 /Users/simultech/Dropbox/localdev/tyme/app/webroot/index.php(109): Dispatcher->dispatch(Object(CakeRequest), Object(CakeResponse))
#1 {main}
2013-06-01 15:54:43 Error: [MissingControllerException] Controller class StaticController could not be found.
Exception Attributes: array (
  'class' => 'StaticController',
  'plugin' => NULL,
)
Request URL: /static/ndp/tmpImageFiles/article67047343-3-1370066082051/article67047343-3-001.jpg
Stack Trace:
#0 /Users/simultech/Dropbox/localdev/tyme/app/webroot/index.php(109): Dispatcher->dispatch(Object(CakeRequest), Object(CakeResponse))
#1 {main}
2013-06-01 15:54:43 Error: [MissingControllerException] Controller class StaticController could not be found.
Exception Attributes: array (
  'class' => 'StaticController',
  'plugin' => NULL,
)
Request URL: /static/ndp/tmpImageFiles/article67047128-3-1370066082158/article67047128-3-001.jpg
Stack Trace:
#0 /Users/simultech/Dropbox/localdev/tyme/app/webroot/index.php(109): Dispatcher->dispatch(Object(CakeRequest), Object(CakeResponse))
#1 {main}
2013-06-01 15:54:43 Error: [MissingControllerException] Controller class StaticController could not be found.
Exception Attributes: array (
  'class' => 'StaticController',
  'plugin' => NULL,
)
Request URL: /static/ndp/tmpImageFiles/article31175832-3-1370066082244/article31175832-3-001.jpg
Stack Trace:
#0 /Users/simultech/Dropbox/localdev/tyme/app/webroot/index.php(109): Dispatcher->dispatch(Object(CakeRequest), Object(CakeResponse))
#1 {main}
2013-06-01 15:54:43 Error: [MissingControllerException] Controller class StaticController could not be found.
Exception Attributes: array (
  'class' => 'StaticController',
  'plugin' => NULL,
)
Request URL: /static/ndp/tmpImageFiles/article39588426-3-1370066082421/article39588426-3-001.jpg
Stack Trace:
#0 /Users/simultech/Dropbox/localdev/tyme/app/webroot/index.php(109): Dispatcher->dispatch(Object(CakeRequest), Object(CakeResponse))
#1 {main}
2013-06-01 15:54:43 Error: [MissingControllerException] Controller class StaticController could not be found.
Exception Attributes: array (
  'class' => 'StaticController',
  'plugin' => NULL,
)
Request URL: /static/ndp/tmpImageFiles/article65352351-3-1370066082508/article65352351-3-001.jpg
Stack Trace:
#0 /Users/simultech/Dropbox/localdev/tyme/app/webroot/index.php(109): Dispatcher->dispatch(Object(CakeRequest), Object(CakeResponse))
#1 {main}
2013-06-01 15:54:43 Error: [MissingControllerException] Controller class StaticController could not be found.
Exception Attributes: array (
  'class' => 'StaticController',
  'plugin' => NULL,
)
Request URL: /static/ndp/tmpImageFiles/article67040964-3-1370066082585/article67040964-3-001.jpg
Stack Trace:
#0 /Users/simultech/Dropbox/localdev/tyme/app/webroot/index.php(109): Dispatcher->dispatch(Object(CakeRequest), Object(CakeResponse))
#1 {main}
